# JRE version: OpenJDK Runtime Environment (21.0.1+12) (build 21.0.1+12-29)
# Java VM: OpenJDK 64-Bit Server VM (21.0.1+12-29, mixed mode, sharing, tiered, compressed oops, compressed class ptrs, g1 gc, bsd-amd64)
GC Precious Log:
 CardTable entry size: 512
 Card Set container configuration: InlinePtr #cards 5 size 8 Array Of Cards #cards 12 size 40 Howl #buckets 4 coarsen threshold 1843 Howl Bitmap #cards 512 size 80 coarsen threshold 460 Card regions per heap region 1 cards per card region 2048
 CPUs: 4 total, 4 available
 Memory: 4096M
 Large Page Support: Disabled
 NUMA Support: Disabled
 Compressed Oops: Enabled (Zero based)
 Heap Region Size: 1M
 Heap Min Capacity: 8M
 Heap Initial Capacity: 64M
 Heap Max Capacity: 1G
 Pre-touch: Disabled
 Parallel Workers: 4
 Concurrent Workers: 1
 Concurrent Refinement Workers: 4
 Periodic GC: Disabled
Heap:
 garbage-first heap   total 66560K, used 56945K [0x00000007c0000000, 0x0000000800000000)
  region size 1024K, 35 young (35840K), 5 survivors (5120K)
 Metaspace       used 64868K, committed 65536K, reserved 1114112K
  class space    used 9077K, committed 9344K, reserved 1048576K
GC Heap History (20 events):
Event: 1.148 GC heap after
{Heap after GC invocations=1 (full 0):
 garbage-first heap   total 67584K, used 6926K [0x00000007c0000000, 0x0000000800000000)
  region size 1024K, 2 young (2048K), 2 survivors (2048K)
 Metaspace       used 4073K, committed 4224K, reserved 1114112K
  class space    used 437K, committed 512K, reserved 1048576K
}
Event: 1.813 GC heap before
{Heap before GC invocations=1 (full 0):
 garbage-first heap   total 67584K, used 19214K [0x00000007c0000000, 0x0000000800000000)
  region size 1024K, 14 young (14336K), 2 survivors (2048K)
 Metaspace       used 7509K, committed 7744K, reserved 1114112K
  class space    used 902K, committed 1024K, reserved 1048576K
}
Event: 1.821 GC heap after
{Heap after GC invocations=2 (full 0):
 garbage-first heap   total 67584K, used 7985K [0x00000007c0000000, 0x0000000800000000)
  region size 1024K, 2 young (2048K), 2 survivors (2048K)
 Metaspace       used 7509K, committed 7744K, reserved 1114112K
  class space    used 902K, committed 1024K, reserved 1048576K
}
Event: 2.366 GC heap before
{Heap before GC invocations=2 (full 0):
 garbage-first heap   total 67584K, used 36657K [0x00000007c0000000, 0x0000000800000000)
  region size 1024K, 31 young (31744K), 2 survivors (2048K)
 Metaspace       used 15548K, committed 15808K, reserved 1114112K
  class space    used 1901K, committed 2048K, reserved 1048576K
}
Event: 2.378 GC heap after
{Heap after GC invocations=3 (full 0):
 garbage-first heap   total 67584K, used 9946K [0x00000007c0000000, 0x0000000800000000)
  region size 1024K, 3 young (3072K), 3 survivors (3072K)
 Metaspace       used 15548K, committed 15808K, reserved 1114112K
  class space    used 1901K, committed 2048K, reserved 1048576K
}
Event: 3.511 GC heap before
{Heap before GC invocations=3 (full 0):
 garbage-first heap   total 67584K, used 44762K [0x00000007c0000000, 0x0000000800000000)
  region size 1024K, 38 young (38912K), 3 survivors (3072K)
 Metaspace       used 21299K, committed 21504K, reserved 1114112K
  class space    used 2604K, committed 2688K, reserved 1048576K
}
Event: 3.526 GC heap after
{Heap after GC invocations=4 (full 0):
 garbage-first heap   total 67584K, used 13386K [0x00000007c0000000, 0x0000000800000000)
  region size 1024K, 5 young (5120K), 5 survivors (5120K)
 Metaspace       used 21299K, committed 21504K, reserved 1114112K
  class space    used 2604K, committed 2688K, reserved 1048576K
}
Event: 4.567 GC heap before
{Heap before GC invocations=5 (full 0):
 garbage-first heap   total 55296K, used 41034K [0x00000007c0000000, 0x0000000800000000)
  region size 1024K, 32 young (32768K), 5 survivors (5120K)
 Metaspace       used 27197K, committed 27648K, reserved 1114112K
  class space    used 3428K, committed 3648K, reserved 1048576K
}
Event: 4.593 GC heap after
{Heap after GC invocations=6 (full 0):
 garbage-first heap   total 55296K, used 17346K [0x00000007c0000000, 0x0000000800000000)
  region size 1024K, 4 young (4096K), 4 survivors (4096K)
 Metaspace       used 27197K, committed 27648K, reserved 1114112K
  class space    used 3428K, committed 3648K, reserved 1048576K
}
Event: 5.399 GC heap before
{Heap before GC invocations=6 (full 0):
 garbage-first heap   total 55296K, used 40898K [0x00000007c0000000, 0x0000000800000000)
  region size 1024K, 28 young (28672K), 4 survivors (4096K)
 Metaspace       used 32989K, committed 33472K, reserved 1114112K
  class space    used 4257K, committed 4480K, reserved 1048576K
}
Event: 5.410 GC heap after
{Heap after GC invocations=7 (full 0):
 garbage-first heap   total 55296K, used 18769K [0x00000007c0000000, 0x0000000800000000)
  region size 1024K, 2 young (2048K), 2 survivors (2048K)
 Metaspace       used 32989K, committed 33472K, reserved 1114112K
  class space    used 4257K, committed 4480K, reserved 1048576K
}
Event: 5.726 GC heap before
{Heap before GC invocations=7 (full 0):
 garbage-first heap   total 55296K, used 26961K [0x00000007c0000000, 0x0000000800000000)
  region size 1024K, 12 young (12288K), 2 survivors (2048K)
 Metaspace       used 35594K, committed 36160K, reserved 1114112K
  class space    used 4712K, committed 4992K, reserved 1048576K
}
Event: 5.732 GC heap after
{Heap after GC invocations=8 (full 0):
 garbage-first heap   total 66560K, used 18911K [0x00000007c0000000, 0x0000000800000000)
  region size 1024K, 2 young (2048K), 2 survivors (2048K)
 Metaspace       used 35594K, committed 36160K, reserved 1114112K
  class space    used 4712K, committed 4992K, reserved 1048576K
}
Event: 7.035 GC heap before
{Heap before GC invocations=9 (full 0):
 garbage-first heap   total 66560K, used 53727K [0x00000007c0000000, 0x0000000800000000)
  region size 1024K, 37 young (37888K), 2 survivors (2048K)
 Metaspace       used 46368K, committed 46912K, reserved 1114112K
  class space    used 6214K, committed 6400K, reserved 1048576K
}
Event: 7.046 GC heap after
{Heap after GC invocations=10 (full 0):
 garbage-first heap   total 66560K, used 21493K [0x00000007c0000000, 0x0000000800000000)
  region size 1024K, 5 young (5120K), 5 survivors (5120K)
 Metaspace       used 46368K, committed 46912K, reserved 1114112K
  class space    used 6214K, committed 6400K, reserved 1048576K
}
Event: 8.166 GC heap before
{Heap before GC invocations=10 (full 0):
 garbage-first heap   total 66560K, used 55285K [0x00000007c0000000, 0x0000000800000000)
  region size 1024K, 38 young (38912K), 5 survivors (5120K)
 Metaspace       used 55461K, committed 56128K, reserved 1114112K
  class space    used 7528K, committed 7808K, reserved 1048576K
}
Event: 8.178 GC heap after
{Heap after GC invocations=11 (full 0):
 garbage-first heap   total 66560K, used 23965K [0x00000007c0000000, 0x0000000800000000)
  region size 1024K, 5 young (5120K), 5 survivors (5120K)
 Metaspace       used 55461K, committed 56128K, reserved 1114112K
  class space    used 7528K, committed 7808K, reserved 1048576K
}
Event: 8.842 GC heap before
{Heap before GC invocations=11 (full 0):
 garbage-first heap   total 66560K, used 48541K [0x00000007c0000000, 0x0000000800000000)
  region size 1024K, 31 young (31744K), 5 survivors (5120K)
 Metaspace       used 60341K, committed 60928K, reserved 1114112K
  class space    used 8392K, committed 8640K, reserved 1048576K
}
Event: 8.854 GC heap after
{Heap after GC invocations=12 (full 0):
 garbage-first heap   total 66560K, used 26225K [0x00000007c0000000, 0x0000000800000000)
  region size 1024K, 5 young (5120K), 5 survivors (5120K)
 Metaspace       used 60341K, committed 60928K, reserved 1114112K
  class space    used 8392K, committed 8640K, reserved 1048576K
}
Event: 15.559 GC heap before
{Heap before GC invocations=13 (full 0):
 garbage-first heap   total 66560K, used 56945K [0x00000007c0000000, 0x0000000800000000)
  region size 1024K, 35 young (35840K), 5 survivors (5120K)
 Metaspace       used 64868K, committed 65536K, reserved 1114112K
  class space    used 9077K, committed 9344K, reserved 1048576K
}

